<?xml version="1.0" encoding="UTF-8"?>
<testsuite name="Tests" tests="1" skipped="0" failures="0" errors="0" timestamp="2020-11-16T20:52:04" hostname="DESKTOP-EJNAUV8" time="0.442">
  <properties/>
  <testcase name="start" classname="Tests" time="0.442"/>
  <system-out><![CDATA[?[1;31m
Start test 1?[0m
Hello! My name is Aid.
I was created in 2018.
Please, remind me your name.
> Marry
What a great name you have, Marry!
Let me guess your age.
Enter remainders of dividing your age by 3, 5 and 7.
> 1
> 0
> 5
Your age is 40; that's a good time to start programming!
Now I will prove to you that I can count to any number you want.
> 10
0!
1!
2!
3!
4!
5!
6!
7!
8!
9!
10!
I have a question for you.
What year was the FIFA world Cup held in Russia?
1. 2014
2. 2016
3. 2018
4. 2012
> 1
Please, try again.
> 2
Please, try again.
> 3
Congratulations, have a nice day!
]]></system-out>
  <system-err><![CDATA[]]></system-err>
</testsuite>
